# JRE version: 6.0_34-b34
# Java VM: OpenJDK 64-Bit Server VM (23.25-b01 mixed mode linux-amd64 compressed oops)
Heap
 def new generation   total 9664K, used 8378K [0x00000000cc000000, 0x00000000cca70000, 0x00000000d9e00000)
  eden space 8640K,  85% used [0x00000000cc000000, 0x00000000cc72ea00, 0x00000000cc870000)
  from space 1024K, 100% used [0x00000000cc970000, 0x00000000cca70000, 0x00000000cca70000)
  to   space 1024K,   0% used [0x00000000cc870000, 0x00000000cc870000, 0x00000000cc970000)
 tenured generation   total 21248K, used 12502K [0x00000000d9e00000, 0x00000000db2c0000, 0x00000000f5a00000)
   the space 21248K,  58% used [0x00000000d9e00000, 0x00000000daa35ba0, 0x00000000daa35c00, 0x00000000db2c0000)
 compacting perm gen  total 21248K, used 6364K [0x00000000f5a00000, 0x00000000f6ec0000, 0x0000000100000000)
   the space 21248K,  29% used [0x00000000f5a00000, 0x00000000f6037318, 0x00000000f6037400, 0x00000000f6ec0000)
GC Heap History (10 events):
Event: 3.493 GC heap before
{Heap before GC invocations=13 (full 1):
 def new generation   total 9664K, used 8640K [0x00000000cc000000, 0x00000000cca70000, 0x00000000d9e00000)
  eden space 8640K, 100% used [0x00000000cc000000, 0x00000000cc870000, 0x00000000cc870000)
  from space 1024K,   0% used [0x00000000cc870000, 0x00000000cc870000, 0x00000000cc970000)
  to   space 1024K,   0% used [0x00000000cc970000, 0x00000000cc970000, 0x00000000cca70000)
 tenured generation   total 21248K, used 9335K [0x00000000d9e00000, 0x00000000db2c0000, 0x00000000f5a00000)
   the space 21248K,  43% used [0x00000000d9e00000, 0x00000000da71df38, 0x00000000da71e000, 0x00000000db2c0000)
 compacting perm gen  total 21248K, used 6351K [0x00000000f5a00000, 0x00000000f6ec0000, 0x0000000100000000)
   the space 21248K,  29% used [0x00000000f5a00000, 0x00000000f6033c10, 0x00000000f6033e00, 0x00000000f6ec0000)
No shared spaces configured.
Event: 3.496 GC heap after
Heap after GC invocations=14 (full 1):
 def new generation   total 9664K, used 962K [0x00000000cc000000, 0x00000000cca70000, 0x00000000d9e00000)
  eden space 8640K,   0% used [0x00000000cc000000, 0x00000000cc000000, 0x00000000cc870000)
  from space 1024K,  93% used [0x00000000cc970000, 0x00000000cca60968, 0x00000000cca70000)
  to   space 1024K,   0% used [0x00000000cc870000, 0x00000000cc870000, 0x00000000cc970000)
 tenured generation   total 21248K, used 9335K [0x00000000d9e00000, 0x00000000db2c0000, 0x00000000f5a00000)
   the space 21248K,  43% used [0x00000000d9e00000, 0x00000000da71df38, 0x00000000da71e000, 0x00000000db2c0000)
 compacting perm gen  total 21248K, used 6351K [0x00000000f5a00000, 0x00000000f6ec0000, 0x0000000100000000)
   the space 21248K,  29% used [0x00000000f5a00000, 0x00000000f6033c10, 0x00000000f6033e00, 0x00000000f6ec0000)
No shared spaces configured.
}
Event: 3.515 GC heap before
{Heap before GC invocations=14 (full 1):
 def new generation   total 9664K, used 9602K [0x00000000cc000000, 0x00000000cca70000, 0x00000000d9e00000)
  eden space 8640K, 100% used [0x00000000cc000000, 0x00000000cc870000, 0x00000000cc870000)
  from space 1024K,  93% used [0x00000000cc970000, 0x00000000cca60968, 0x00000000cca70000)
  to   space 1024K,   0% used [0x00000000cc870000, 0x00000000cc870000, 0x00000000cc970000)
 tenured generation   total 21248K, used 9335K [0x00000000d9e00000, 0x00000000db2c0000, 0x00000000f5a00000)
   the space 21248K,  43% used [0x00000000d9e00000, 0x00000000da71df38, 0x00000000da71e000, 0x00000000db2c0000)
 compacting perm gen  total 21248K, used 6351K [0x00000000f5a00000, 0x00000000f6ec0000, 0x0000000100000000)
   the space 21248K,  29% used [0x00000000f5a00000, 0x00000000f6033db8, 0x00000000f6033e00, 0x00000000f6ec0000)
No shared spaces configured.
Event: 3.518 GC heap after
Heap after GC invocations=15 (full 1):
 def new generation   total 9664K, used 404K [0x00000000cc000000, 0x00000000cca70000, 0x00000000d9e00000)
  eden space 8640K,   0% used [0x00000000cc000000, 0x00000000cc000000, 0x00000000cc870000)
  from space 1024K,  39% used [0x00000000cc870000, 0x00000000cc8d52f0, 0x00000000cc970000)
  to   space 1024K,   0% used [0x00000000cc970000, 0x00000000cc970000, 0x00000000cca70000)
 tenured generation   total 21248K, used 10046K [0x00000000d9e00000, 0x00000000db2c0000, 0x00000000f5a00000)
   the space 21248K,  47% used [0x00000000d9e00000, 0x00000000da7cf8f8, 0x00000000da7cfa00, 0x00000000db2c0000)
 compacting perm gen  total 21248K, used 6351K [0x00000000f5a00000, 0x00000000f6ec0000, 0x0000000100000000)
   the space 21248K,  29% used [0x00000000f5a00000, 0x00000000f6033db8, 0x00000000f6033e00, 0x00000000f6ec0000)
No shared spaces configured.
}
Event: 3.542 GC heap before
{Heap before GC invocations=15 (full 1):
 def new generation   total 9664K, used 9044K [0x00000000cc000000, 0x00000000cca70000, 0x00000000d9e00000)
  eden space 8640K, 100% used [0x00000000cc000000, 0x00000000cc870000, 0x00000000cc870000)
  from space 1024K,  39% used [0x00000000cc870000, 0x00000000cc8d52f0, 0x00000000cc970000)
  to   space 1024K,   0% used [0x00000000cc970000, 0x00000000cc970000, 0x00000000cca70000)
 tenured generation   total 21248K, used 10046K [0x00000000d9e00000, 0x00000000db2c0000, 0x00000000f5a00000)
   the space 21248K,  47% used [0x00000000d9e00000, 0x00000000da7cf8f8, 0x00000000da7cfa00, 0x00000000db2c0000)
 compacting perm gen  total 21248K, used 6352K [0x00000000f5a00000, 0x00000000f6ec0000, 0x0000000100000000)
   the space 21248K,  29% used [0x00000000f5a00000, 0x00000000f6034068, 0x00000000f6034200, 0x00000000f6ec0000)
No shared spaces configured.
Event: 3.545 GC heap after
Heap after GC invocations=16 (full 1):
 def new generation   total 9664K, used 725K [0x00000000cc000000, 0x00000000cca70000, 0x00000000d9e00000)
  eden space 8640K,   0% used [0x00000000cc000000, 0x00000000cc000000, 0x00000000cc870000)
  from space 1024K,  70% used [0x00000000cc970000, 0x00000000cca25530, 0x00000000cca70000)
  to   space 1024K,   0% used [0x00000000cc870000, 0x00000000cc870000, 0x00000000cc970000)
 tenured generation   total 21248K, used 10046K [0x00000000d9e00000, 0x00000000db2c0000, 0x00000000f5a00000)
   the space 21248K,  47% used [0x00000000d9e00000, 0x00000000da7cf8f8, 0x00000000da7cfa00, 0x00000000db2c0000)
 compacting perm gen  total 21248K, used 6352K [0x00000000f5a00000, 0x00000000f6ec0000, 0x0000000100000000)
   the space 21248K,  29% used [0x00000000f5a00000, 0x00000000f6034068, 0x00000000f6034200, 0x00000000f6ec0000)
No shared spaces configured.
}
Event: 3.583 GC heap before
{Heap before GC invocations=16 (full 1):
 def new generation   total 9664K, used 9365K [0x00000000cc000000, 0x00000000cca70000, 0x00000000d9e00000)
  eden space 8640K, 100% used [0x00000000cc000000, 0x00000000cc870000, 0x00000000cc870000)
  from space 1024K,  70% used [0x00000000cc970000, 0x00000000cca25530, 0x00000000cca70000)
  to   space 1024K,   0% used [0x00000000cc870000, 0x00000000cc870000, 0x00000000cc970000)
 tenured generation   total 21248K, used 10046K [0x00000000d9e00000, 0x00000000db2c0000, 0x00000000f5a00000)
   the space 21248K,  47% used [0x00000000d9e00000, 0x00000000da7cf8f8, 0x00000000da7cfa00, 0x00000000db2c0000)
 compacting perm gen  total 21248K, used 6356K [0x00000000f5a00000, 0x00000000f6ec0000, 0x0000000100000000)
   the space 21248K,  29% used [0x00000000f5a00000, 0x00000000f6035040, 0x00000000f6035200, 0x00000000f6ec0000)
No shared spaces configured.
Event: 3.587 GC heap after
Heap after GC invocations=17 (full 1):
 def new generation   total 9664K, used 785K [0x00000000cc000000, 0x00000000cca70000, 0x00000000d9e00000)
  eden space 8640K,   0% used [0x00000000cc000000, 0x00000000cc000000, 0x00000000cc870000)
  from space 1024K,  76% used [0x00000000cc870000, 0x00000000cc9346d8, 0x00000000cc970000)
  to   space 1024K,   0% used [0x00000000cc970000, 0x00000000cc970000, 0x00000000cca70000)
 tenured generation   total 21248K, used 10366K [0x00000000d9e00000, 0x00000000db2c0000, 0x00000000f5a00000)
   the space 21248K,  48% used [0x00000000d9e00000, 0x00000000da81f8c0, 0x00000000da81fa00, 0x00000000db2c0000)
 compacting perm gen  total 21248K, used 6356K [0x00000000f5a00000, 0x00000000f6ec0000, 0x0000000100000000)
   the space 21248K,  29% used [0x00000000f5a00000, 0x00000000f6035040, 0x00000000f6035200, 0x00000000f6ec0000)
No shared spaces configured.
}
Event: 4.086 GC heap before
{Heap before GC invocations=17 (full 1):
 def new generation   total 9664K, used 9425K [0x00000000cc000000, 0x00000000cca70000, 0x00000000d9e00000)
  eden space 8640K, 100% used [0x00000000cc000000, 0x00000000cc870000, 0x00000000cc870000)
  from space 1024K,  76% used [0x00000000cc870000, 0x00000000cc9346d8, 0x00000000cc970000)
  to   space 1024K,   0% used [0x00000000cc970000, 0x00000000cc970000, 0x00000000cca70000)
 tenured generation   total 21248K, used 10366K [0x00000000d9e00000, 0x00000000db2c0000, 0x00000000f5a00000)
   the space 21248K,  48% used [0x00000000d9e00000, 0x00000000da81f8c0, 0x00000000da81fa00, 0x00000000db2c0000)
 compacting perm gen  total 21248K, used 6360K [0x00000000f5a00000, 0x00000000f6ec0000, 0x0000000100000000)
   the space 21248K,  29% used [0x00000000f5a00000, 0x00000000f60361b0, 0x00000000f6036200, 0x00000000f6ec0000)
No shared spaces configured.
Event: 4.094 GC heap after
Heap after GC invocations=18 (full 1):
 def new generation   total 9664K, used 1024K [0x00000000cc000000, 0x00000000cca70000, 0x00000000d9e00000)
  eden space 8640K,   0% used [0x00000000cc000000, 0x00000000cc000000, 0x00000000cc870000)
  from space 1024K, 100% used [0x00000000cc970000, 0x00000000cca70000, 0x00000000cca70000)
  to   space 1024K,   0% used [0x00000000cc870000, 0x00000000cc870000, 0x00000000cc970000)
 tenured generation   total 21248K, used 12502K [0x00000000d9e00000, 0x00000000db2c0000, 0x00000000f5a00000)
   the space 21248K,  58% used [0x00000000d9e00000, 0x00000000daa35ba0, 0x00000000daa35c00, 0x00000000db2c0000)
 compacting perm gen  total 21248K, used 6360K [0x00000000f5a00000, 0x00000000f6ec0000, 0x0000000100000000)
   the space 21248K,  29% used [0x00000000f5a00000, 0x00000000f60361b0, 0x00000000f6036200, 0x00000000f6ec0000)
No shared spaces configured.
}

